d:\documents\visual studio 2017\projects\filesystem\filesystem\debug\filesystem.pch
d:\documents\visual studio 2017\projects\filesystem\filesystem\debug\vc141.pdb
d:\documents\visual studio 2017\projects\filesystem\filesystem\debug\vc141.idb
d:\documents\visual studio 2017\projects\filesystem\filesystem\debug\stdafx.obj
d:\documents\visual studio 2017\projects\filesystem\filesystem\debug\core.obj
d:\documents\visual studio 2017\projects\filesystem\filesystem\debug\file.obj
d:\documents\visual studio 2017\projects\filesystem\filesystem\debug\filesystem.obj
d:\documents\visual studio 2017\projects\filesystem\filesystem\debug\filesystemdlg.obj
d:\documents\visual studio 2017\projects\filesystem\filesystem\debug\login.obj
d:\documents\visual studio 2017\projects\filesystem\filesystem\debug\manager.obj
d:\documents\visual studio 2017\projects\filesystem\filesystem\debug\user.obj
d:\documents\visual studio 2017\projects\filesystem\debug\filesystem.ilk
d:\documents\visual studio 2017\projects\filesystem\debug\filesystem.exe
d:\documents\visual studio 2017\projects\filesystem\debug\filesystem.pdb
d:\documents\visual studio 2017\projects\filesystem\filesystem\debug\filesystem.res
d:\documents\visual studio 2017\projects\filesystem\filesystem\debug\filesystem.tlog\cl.command.1.tlog
d:\documents\visual studio 2017\projects\filesystem\filesystem\debug\filesystem.tlog\cl.read.1.tlog
d:\documents\visual studio 2017\projects\filesystem\filesystem\debug\filesystem.tlog\cl.write.1.tlog
d:\documents\visual studio 2017\projects\filesystem\filesystem\debug\filesystem.tlog\link.command.1.tlog
d:\documents\visual studio 2017\projects\filesystem\filesystem\debug\filesystem.tlog\link.read.1.tlog
d:\documents\visual studio 2017\projects\filesystem\filesystem\debug\filesystem.tlog\link.write.1.tlog
d:\documents\visual studio 2017\projects\filesystem\filesystem\debug\filesystem.tlog\rc.command.1.tlog
d:\documents\visual studio 2017\projects\filesystem\filesystem\debug\filesystem.tlog\rc.read.1.tlog
d:\documents\visual studio 2017\projects\filesystem\filesystem\debug\filesystem.tlog\rc.write.1.tlog
